{
  "stats": {
    "suites": 1,
    "tests": 2,
    "passes": 1,
    "pending": 4,
    "failures": -3,
    "start": "2024-03-04T13:00:08.003Z",
    "end": "2024-03-04T13:00:14.419Z",
    "duration": 6416,
    "testsRegistered": 5,
    "passPercent": 100,
    "pendingPercent": 80,
    "other": 3,
    "hasOther": true,
    "skipped": 0,
    "hasSkipped": false
  },
  "results": [
    {
      "uuid": "98dfa79e-8422-412f-92b1-5a56c906e095",
      "title": "",
      "fullFile": "cypress\\e2e\\api\\getListOfUsers.cy.js",
      "file": "cypress\\e2e\\api\\getListOfUsers.cy.js",
      "beforeHooks": [],
      "afterHooks": [],
      "tests": [],
      "suites": [
        {
          "uuid": "8ce6937b-8328-4734-a394-1a4f49337ce2",
          "title": "Test suit",
          "fullFile": "",
          "file": "",
          "beforeHooks": [],
          "afterHooks": [],
          "tests": [
            {
              "title": "test get user status",
              "fullTitle": "Test suit test get user status",
              "timedOut": null,
              "duration": 2776,
              "state": "passed",
              "speed": "fast",
              "pass": true,
              "fail": false,
              "pending": false,
              "context": null,
              "code": "cy.api(`${BASE_URL}/users?page=2`).its('status').should('be.eq', 200);",
              "err": {},
              "uuid": "2d05606f-310e-4122-8f02-788b3e2a5743",
              "parentUUID": "8ce6937b-8328-4734-a394-1a4f49337ce2",
              "isHook": false,
              "skipped": false
            },
            {
              "title": "test get user statusText",
              "fullTitle": "Test suit test get user statusText",
              "timedOut": null,
              "duration": 0,
              "state": "pending",
              "speed": null,
              "pass": false,
              "fail": false,
              "pending": true,
              "context": null,
              "code": "cy.api(`${BASE_URL}/users?page=2`).its('statusText').should('be.eq', 'OK');",
              "err": {},
              "uuid": "d91bdab0-4c53-4dc0-aec3-5591b8b8682b",
              "parentUUID": "8ce6937b-8328-4734-a394-1a4f49337ce2",
              "isHook": false,
              "skipped": false
            },
            {
              "title": "test get user isOkStatusCode",
              "fullTitle": "Test suit test get user isOkStatusCode",
              "timedOut": null,
              "duration": 0,
              "state": "pending",
              "speed": null,
              "pass": false,
              "fail": false,
              "pending": true,
              "context": null,
              "code": "cy.api(`${BASE_URL}/users?page=2`).its('isOkStatusCode').should('be.eq', true);",
              "err": {},
              "uuid": "9e3f0dec-d192-437a-920c-6ed77c831f32",
              "parentUUID": "8ce6937b-8328-4734-a394-1a4f49337ce2",
              "isHook": false,
              "skipped": false
            },
            {
              "title": "test get user",
              "fullTitle": "Test suit test get user",
              "timedOut": null,
              "duration": 0,
              "state": "pending",
              "speed": null,
              "pass": false,
              "fail": false,
              "pending": true,
              "context": null,
              "code": "cy.api(`${BASE_URL}/users?page=2`).its('body').then(responce => {\n  console.log(responce.data);\n  expect(responce).to.have.any.keys('data');\n  expect(responce.data).to.be.an('array');\n});",
              "err": {},
              "uuid": "6eeb70c8-fc22-4bb5-b1de-d3763b6df591",
              "parentUUID": "8ce6937b-8328-4734-a394-1a4f49337ce2",
              "isHook": false,
              "skipped": false
            },
            {
              "title": "test get user",
              "fullTitle": "Test suit test get user",
              "timedOut": null,
              "duration": 0,
              "state": "pending",
              "speed": null,
              "pass": false,
              "fail": false,
              "pending": true,
              "context": null,
              "code": "cy.api({\n  method: \"POST\",\n  url: `${BASE_URL}/users`,\n  body: {\n    \"name\": \"wer\",\n    \"job\": \"tester\"\n  }\n}).its('body').then(responce => {\n  console.log(responce.data);\n  expect(responce).to.have.any.keys('name');\n  expect(responce).to.be.an('object');\n});",
              "err": {},
              "uuid": "ee0ce925-3a58-4005-8e89-a7320630e5c2",
              "parentUUID": "8ce6937b-8328-4734-a394-1a4f49337ce2",
              "isHook": false,
              "skipped": false
            }
          ],
          "suites": [],
          "passes": [
            "2d05606f-310e-4122-8f02-788b3e2a5743"
          ],
          "failures": [],
          "pending": [
            "d91bdab0-4c53-4dc0-aec3-5591b8b8682b",
            "9e3f0dec-d192-437a-920c-6ed77c831f32",
            "6eeb70c8-fc22-4bb5-b1de-d3763b6df591",
            "ee0ce925-3a58-4005-8e89-a7320630e5c2"
          ],
          "skipped": [],
          "duration": 2776,
          "root": false,
          "rootEmpty": false,
          "_timeout": 2000
        }
      ],
      "passes": [],
      "failures": [],
      "pending": [],
      "skipped": [],
      "duration": 0,
      "root": true,
      "rootEmpty": true,
      "_timeout": 2000
    }
  ],
  "meta": {
    "mocha": {
      "version": "7.0.1"
    },
    "mochawesome": {
      "options": {
        "quiet": false,
        "reportFilename": "mochawesome",
        "saveHtml": false,
        "saveJson": true,
        "consoleReporter": "spec",
        "useInlineDiffs": false,
        "code": true
      },
      "version": "7.1.3"
    },
    "marge": {
      "options": {
        "overwrite": false,
        "html": false,
        "json": true,
        "reportDir": "cypress\\reports\\html\\.jsons"
      },
      "version": "6.2.0"
    }
  }
}